build/app/intermediates/manifest_merge_blame_file/release/manifest-merger-blame-release-report.txt
1<?xml version="1.0" encoding="utf-8"?>
2<manifest xmlns:android="http://schemas.android.com/apk/res/android"
3    package="com.app.findadmissionaffiliate"
4    android:versionCode="1"
5    android:versionName="1.0.0" >
6
7    <uses-sdk
8        android:minSdkVersion="17"
8-->src\main\AndroidManifest.xml
9        android:targetSdkVersion="29" />
9-->src\main\AndroidManifest.xml
10    <!--
11         io.flutter.app.FlutterApplication is an android.app.Application that
12         calls FlutterMain.startInitialization(this); in its onCreate method.
13         In most cases you can leave this as-is, but you if you want to provide
14         additional functionality it is fine to subclass or reimplement
15         FlutterApplication and put your custom class here.
16    -->
17    <uses-permission android:name="android.permission.INTERNET" />
17-->src\main\AndroidManifest.xml:9:5-66
17-->src\main\AndroidManifest.xml:9:22-64
18    <uses-permission android:name="android.permission.WRITE_EXTERNAL_STORAGE" />
18-->src\main\AndroidManifest.xml:10:5-80
18-->src\main\AndroidManifest.xml:10:22-78
19    <uses-permission android:name="android.permission.READ_EXTERNAL_STORAGE" />
19-->src\main\AndroidManifest.xml:11:5-79
19-->src\main\AndroidManifest.xml:11:22-77
20    <uses-permission android:name="android.permission.ACCESS_NETWORK_STATE" />
20-->[com.google.firebase:firebase-auth:20.0.0] AndroidManifest.xml:24:5-79
20-->[com.google.firebase:firebase-auth:20.0.0] AndroidManifest.xml:24:22-76
21
22    <queries>
22-->[:file_picker] AndroidManifest.xml:9:5-15:15
23        <intent>
23-->[:file_picker] AndroidManifest.xml:10:9-14:18
24            <action android:name="android.intent.action.GET_CONTENT" />
24-->[:file_picker] AndroidManifest.xml:11:13-72
24-->[:file_picker] AndroidManifest.xml:11:21-69
25
26            <data android:mimeType="*/*" />
26-->[com.google.firebase:firebase-auth:20.0.0] AndroidManifest.xml:47:17-50:51
27        </intent>
28    </queries>
29
30    <uses-permission android:name="android.permission.REQUEST_INSTALL_PACKAGES" />
30-->[:open_file] AndroidManifest.xml:8:5-83
30-->[:open_file] AndroidManifest.xml:8:22-80
31    <uses-permission android:name="android.permission.WAKE_LOCK" />
31-->[com.google.android.gms:play-services-measurement:18.0.0] AndroidManifest.xml:25:5-68
31-->[com.google.android.gms:play-services-measurement:18.0.0] AndroidManifest.xml:25:22-65
32    <uses-permission android:name="com.google.android.finsky.permission.BIND_GET_INSTALL_REFERRER_SERVICE" /> <!-- Required by older versions of Google Play services to create IID tokens -->
32-->[com.google.android.gms:play-services-measurement:18.0.0] AndroidManifest.xml:26:5-110
32-->[com.google.android.gms:play-services-measurement:18.0.0] AndroidManifest.xml:26:22-107
33    <uses-permission android:name="com.google.android.c2dm.permission.RECEIVE" />
33-->[com.google.firebase:firebase-iid:21.0.0] AndroidManifest.xml:26:5-82
33-->[com.google.firebase:firebase-iid:21.0.0] AndroidManifest.xml:26:22-79
34    <uses-permission android:name="android.permission.RECEIVE_BOOT_COMPLETED" />
34-->[androidx.work:work-runtime:2.4.0] AndroidManifest.xml:27:5-81
34-->[androidx.work:work-runtime:2.4.0] AndroidManifest.xml:27:22-78
35    <uses-permission android:name="android.permission.FOREGROUND_SERVICE" />
35-->[androidx.work:work-runtime:2.4.0] AndroidManifest.xml:28:5-77
35-->[androidx.work:work-runtime:2.4.0] AndroidManifest.xml:28:22-74
36
37    <application
37-->src\main\AndroidManifest.xml:12:5-78:19
38        android:name="com.app.findadmissionaffiliate.Application"
38-->src\main\AndroidManifest.xml:13:9-36
39        android:appComponentFactory="androidx.core.app.CoreComponentFactory"
39-->[androidx.core:core:1.3.1] AndroidManifest.xml:24:18-86
40        android:icon="@mipmap/ic_launcher"
40-->src\main\AndroidManifest.xml:15:9-43
41        android:label="Findadmission Affiliate"
41-->src\main\AndroidManifest.xml:14:9-48
42        android:requestLegacyExternalStorage="true" >
42-->[:open_file] AndroidManifest.xml:11:18-61
43        <meta-data
43-->src\main\AndroidManifest.xml:16:9-18:48
44            android:name="com.google.firebase.messaging.default_notification_icon"
44-->src\main\AndroidManifest.xml:17:13-83
45            android:resource="@drawable/icon" />
45-->src\main\AndroidManifest.xml:18:13-46
46
47        <provider
48            android:name="com.pichillilorenzo.flutter_inappwebview.InAppWebViewFileProvider"
48-->src\main\AndroidManifest.xml:20:13-93
49            android:authorities="com.app.findadmissionaffiliate.flutter_inappwebview.fileprovider"
49-->src\main\AndroidManifest.xml:21:13-85
50            android:exported="false"
50-->src\main\AndroidManifest.xml:22:13-37
51            android:grantUriPermissions="true" >
51-->src\main\AndroidManifest.xml:23:13-47
52            <meta-data
52-->src\main\AndroidManifest.xml:24:13-26:58
53                android:name="android.support.FILE_PROVIDER_PATHS"
53-->src\main\AndroidManifest.xml:25:17-67
54                android:resource="@xml/provider_paths" />
54-->src\main\AndroidManifest.xml:26:17-55
55        </provider>
56        <provider
57            android:name="androidx.core.content.FileProvider"
57-->src\main\AndroidManifest.xml:30:13-62
58            android:authorities="com.app.findadmissionaffiliate.fileProvider"
58-->src\main\AndroidManifest.xml:31:13-64
59            android:exported="false"
59-->src\main\AndroidManifest.xml:32:13-37
60            android:grantUriPermissions="true" >
60-->src\main\AndroidManifest.xml:33:13-47
61            <meta-data
61-->src\main\AndroidManifest.xml:24:13-26:58
62                android:name="android.support.FILE_PROVIDER_PATHS"
62-->src\main\AndroidManifest.xml:25:17-67
63                android:resource="@xml/provider_paths" />
63-->src\main\AndroidManifest.xml:26:17-55
64        </provider>
65
66        <activity
66-->src\main\AndroidManifest.xml:39:9-72:20
67            android:name="com.app.findadmissionaffiliate.MainActivity"
67-->src\main\AndroidManifest.xml:40:13-41
68            android:configChanges="orientation|keyboardHidden|keyboard|screenSize|smallestScreenSize|locale|layoutDirection|fontScale|screenLayout|density|uiMode"
68-->src\main\AndroidManifest.xml:43:13-163
69            android:hardwareAccelerated="true"
69-->src\main\AndroidManifest.xml:44:13-47
70            android:launchMode="singleTop"
70-->src\main\AndroidManifest.xml:41:13-43
71            android:theme="@style/LaunchTheme"
71-->src\main\AndroidManifest.xml:42:13-47
72            android:windowSoftInputMode="adjustResize" >
72-->src\main\AndroidManifest.xml:45:13-55
73
74            <!--
75                 Specifies an Android theme to apply to this Activity as soon as
76                 the Android process has started. This theme is visible to the user
77                 while the Flutter UI initializes. After that, this theme continues
78                 to determine the Window background behind the Flutter UI.
79            -->
80            <meta-data
80-->src\main\AndroidManifest.xml:50:13-53:17
81                android:name="io.flutter.embedding.android.NormalTheme"
81-->src\main\AndroidManifest.xml:51:15-70
82                android:resource="@style/NormalTheme" />
82-->src\main\AndroidManifest.xml:52:15-52
83            <!--
84                 Displays an Android View that continues showing the launch screen
85                 Drawable until Flutter paints its first frame, then this splash
86                 screen fades out. A splash screen is useful to avoid any visual
87                 gap between the end of Android's launch screen and the painting of
88                 Flutter's first frame.
89            -->
90            <meta-data
90-->src\main\AndroidManifest.xml:59:13-62:17
91                android:name="io.flutter.embedding.android.SplashScreenDrawable"
91-->src\main\AndroidManifest.xml:60:15-79
92                android:resource="@drawable/launch_background" />
92-->src\main\AndroidManifest.xml:61:15-61
93
94            <intent-filter>
94-->src\main\AndroidManifest.xml:64:13-67:29
95                <action android:name="android.intent.action.MAIN" />
95-->src\main\AndroidManifest.xml:65:17-68
95-->src\main\AndroidManifest.xml:65:25-66
96
97                <category android:name="android.intent.category.LAUNCHER" />
97-->src\main\AndroidManifest.xml:66:17-76
97-->src\main\AndroidManifest.xml:66:27-74
98            </intent-filter>
99            <intent-filter>
99-->src\main\AndroidManifest.xml:68:13-71:29
100                <action android:name="FLUTTER_NOTIFICATION_CLICK" />
100-->src\main\AndroidManifest.xml:69:17-69
100-->src\main\AndroidManifest.xml:69:25-66
101
102                <category android:name="android.intent.category.DEFAULT" />
102-->src\main\AndroidManifest.xml:70:17-76
102-->src\main\AndroidManifest.xml:70:27-73
103            </intent-filter>
104        </activity>
105        <!--
106             Don't delete the meta-data below.
107             This is used by the Flutter tool to generate GeneratedPluginRegistrant.java
108        -->
109        <meta-data
109-->src\main\AndroidManifest.xml:75:9-77:33
110            android:name="flutterEmbedding"
110-->src\main\AndroidManifest.xml:76:13-44
111            android:value="2" />
111-->src\main\AndroidManifest.xml:77:13-30
112
113        <service
113-->[:cloud_firestore] AndroidManifest.xml:8:9-12:19
114            android:name="com.google.firebase.components.ComponentDiscoveryService"
114-->[:cloud_firestore] AndroidManifest.xml:8:18-89
115            android:directBootAware="true"
115-->[com.google.firebase:firebase-common:19.3.1] AndroidManifest.xml:35:13-43
116            android:exported="false" >
116-->[com.google.firebase:firebase-auth:20.0.0] AndroidManifest.xml:84:13-37
117            <meta-data
117-->[:cloud_firestore] AndroidManifest.xml:9:13-11:85
118                android:name="com.google.firebase.components:io.flutter.plugins.firebase.firestore.FlutterFirebaseFirestoreRegistrar"
118-->[:cloud_firestore] AndroidManifest.xml:10:17-134
119                android:value="com.google.firebase.components.ComponentRegistrar" />
119-->[:cloud_firestore] AndroidManifest.xml:11:17-82
120            <meta-data
120-->[:firebase_auth] AndroidManifest.xml:9:13-11:85
121                android:name="com.google.firebase.components:io.flutter.plugins.firebase.auth.FlutterFirebaseAuthRegistrar"
121-->[:firebase_auth] AndroidManifest.xml:10:17-124
122                android:value="com.google.firebase.components.ComponentRegistrar" />
122-->[:firebase_auth] AndroidManifest.xml:11:17-82
123            <meta-data
123-->[:firebase_messaging] AndroidManifest.xml:14:13-16:85
124                android:name="com.google.firebase.components:io.flutter.plugins.firebasemessaging.FlutterFirebaseAppRegistrar"
124-->[:firebase_messaging] AndroidManifest.xml:15:17-127
125                android:value="com.google.firebase.components.ComponentRegistrar" />
125-->[:firebase_messaging] AndroidManifest.xml:16:17-82
126            <meta-data
126-->[:firebase_core] AndroidManifest.xml:9:13-11:85
127                android:name="com.google.firebase.components:io.flutter.plugins.firebase.core.FlutterFirebaseCoreRegistrar"
127-->[:firebase_core] AndroidManifest.xml:10:17-124
128                android:value="com.google.firebase.components.ComponentRegistrar" />
128-->[:firebase_core] AndroidManifest.xml:11:17-82
129            <meta-data
129-->[com.google.firebase:firebase-auth:20.0.0] AndroidManifest.xml:85:13-87:85
130                android:name="com.google.firebase.components:com.google.firebase.auth.FirebaseAuthRegistrar"
130-->[com.google.firebase:firebase-auth:20.0.0] AndroidManifest.xml:86:17-109
131                android:value="com.google.firebase.components.ComponentRegistrar" />
131-->[com.google.firebase:firebase-auth:20.0.0] AndroidManifest.xml:87:17-82
132            <meta-data
132-->[com.google.firebase:firebase-firestore:22.0.0] AndroidManifest.xml:20:13-22:85
133                android:name="com.google.firebase.components:com.google.firebase.firestore.FirestoreRegistrar"
133-->[com.google.firebase:firebase-firestore:22.0.0] AndroidManifest.xml:21:17-111
134                android:value="com.google.firebase.components.ComponentRegistrar" />
134-->[com.google.firebase:firebase-firestore:22.0.0] AndroidManifest.xml:22:17-82
135            <meta-data
135-->[com.google.firebase:firebase-messaging:21.0.0] AndroidManifest.xml:39:13-41:85
136                android:name="com.google.firebase.components:com.google.firebase.messaging.FirebaseMessagingRegistrar"
136-->[com.google.firebase:firebase-messaging:21.0.0] AndroidManifest.xml:40:17-119
137                android:value="com.google.firebase.components.ComponentRegistrar" />
137-->[com.google.firebase:firebase-messaging:21.0.0] AndroidManifest.xml:41:17-82
138            <meta-data
138-->[com.google.android.gms:play-services-measurement-api:18.0.0] AndroidManifest.xml:30:13-32:85
139                android:name="com.google.firebase.components:com.google.firebase.analytics.connector.internal.AnalyticsConnectorRegistrar"
139-->[com.google.android.gms:play-services-measurement-api:18.0.0] AndroidManifest.xml:31:17-139
140                android:value="com.google.firebase.components.ComponentRegistrar" />
140-->[com.google.android.gms:play-services-measurement-api:18.0.0] AndroidManifest.xml:32:17-82
141            <meta-data
141-->[com.google.firebase:firebase-iid:21.0.0] AndroidManifest.xml:32:13-34:85
142                android:name="com.google.firebase.components:com.google.firebase.iid.Registrar"
142-->[com.google.firebase:firebase-iid:21.0.0] AndroidManifest.xml:33:17-96
143                android:value="com.google.firebase.components.ComponentRegistrar" />
143-->[com.google.firebase:firebase-iid:21.0.0] AndroidManifest.xml:34:17-82
144            <meta-data
144-->[com.google.firebase:firebase-datatransport:17.0.3] AndroidManifest.xml:28:13-30:85
145                android:name="com.google.firebase.components:com.google.firebase.datatransport.TransportRegistrar"
145-->[com.google.firebase:firebase-datatransport:17.0.3] AndroidManifest.xml:29:17-115
146                android:value="com.google.firebase.components.ComponentRegistrar" />
146-->[com.google.firebase:firebase-datatransport:17.0.3] AndroidManifest.xml:30:17-82
147            <meta-data
147-->[com.google.firebase:firebase-installations:16.3.3] AndroidManifest.xml:17:13-19:85
148                android:name="com.google.firebase.components:com.google.firebase.installations.FirebaseInstallationsRegistrar"
148-->[com.google.firebase:firebase-installations:16.3.3] AndroidManifest.xml:18:17-127
149                android:value="com.google.firebase.components.ComponentRegistrar" />
149-->[com.google.firebase:firebase-installations:16.3.3] AndroidManifest.xml:19:17-82
150        </service>
151        <service android:name="io.flutter.plugins.firebasemessaging.FlutterFirebaseMessagingService" >
151-->[:firebase_messaging] AndroidManifest.xml:8:9-12:19
151-->[:firebase_messaging] AndroidManifest.xml:8:18-101
152            <intent-filter>
152-->[:firebase_messaging] AndroidManifest.xml:9:13-11:29
153                <action android:name="com.google.firebase.MESSAGING_EVENT" />
153-->[:firebase_messaging] AndroidManifest.xml:10:17-78
153-->[:firebase_messaging] AndroidManifest.xml:10:25-75
154            </intent-filter>
155        </service>
156
157        <activity
157-->[com.google.firebase:firebase-auth:20.0.0] AndroidManifest.xml:27:9-34:50
158            android:name="com.google.firebase.auth.internal.FederatedSignInActivity"
158-->[com.google.firebase:firebase-auth:20.0.0] AndroidManifest.xml:28:13-85
159            android:excludeFromRecents="true"
159-->[com.google.firebase:firebase-auth:20.0.0] AndroidManifest.xml:29:13-46
160            android:exported="true"
160-->[com.google.firebase:firebase-auth:20.0.0] AndroidManifest.xml:30:13-36
161            android:launchMode="singleTask"
161-->[com.google.firebase:firebase-auth:20.0.0] AndroidManifest.xml:31:13-44
162            android:permission="com.google.firebase.auth.api.gms.permission.LAUNCH_FEDERATED_SIGN_IN"
162-->[com.google.firebase:firebase-auth:20.0.0] AndroidManifest.xml:32:13-102
163            android:theme="@android:style/Theme.Translucent.NoTitleBar" />
163-->[com.google.firebase:firebase-auth:20.0.0] AndroidManifest.xml:33:13-72
164        <activity
164-->[com.google.firebase:firebase-auth:20.0.0] AndroidManifest.xml:35:9-52:20
165            android:name="com.google.firebase.auth.internal.GenericIdpActivity"
165-->[com.google.firebase:firebase-auth:20.0.0] AndroidManifest.xml:36:13-80
166            android:excludeFromRecents="true"
166-->[com.google.firebase:firebase-auth:20.0.0] AndroidManifest.xml:37:13-46
167            android:exported="true"
167-->[com.google.firebase:firebase-auth:20.0.0] AndroidManifest.xml:38:13-36
168            android:launchMode="singleTask"
168-->[com.google.firebase:firebase-auth:20.0.0] AndroidManifest.xml:39:13-44
169            android:theme="@android:style/Theme.Translucent.NoTitleBar" >
169-->[com.google.firebase:firebase-auth:20.0.0] AndroidManifest.xml:40:13-72
170            <intent-filter>
170-->[com.google.firebase:firebase-auth:20.0.0] AndroidManifest.xml:41:13-51:29
171                <action android:name="android.intent.action.VIEW" />
171-->[com.google.firebase:firebase-auth:20.0.0] AndroidManifest.xml:42:17-69
171-->[com.google.firebase:firebase-auth:20.0.0] AndroidManifest.xml:42:25-66
172
173                <category android:name="android.intent.category.DEFAULT" />
173-->src\main\AndroidManifest.xml:70:17-76
173-->src\main\AndroidManifest.xml:70:27-73
174                <category android:name="android.intent.category.BROWSABLE" />
174-->[com.google.firebase:firebase-auth:20.0.0] AndroidManifest.xml:45:17-78
174-->[com.google.firebase:firebase-auth:20.0.0] AndroidManifest.xml:45:27-75
175
176                <data
176-->[com.google.firebase:firebase-auth:20.0.0] AndroidManifest.xml:47:17-50:51
177                    android:host="firebase.auth"
177-->[com.google.firebase:firebase-auth:20.0.0] AndroidManifest.xml:48:21-49
178                    android:path="/"
178-->[com.google.firebase:firebase-auth:20.0.0] AndroidManifest.xml:49:21-37
179                    android:scheme="genericidp" />
179-->[com.google.firebase:firebase-auth:20.0.0] AndroidManifest.xml:50:21-48
180            </intent-filter>
181        </activity>
182        <activity
182-->[com.google.firebase:firebase-auth:20.0.0] AndroidManifest.xml:53:9-70:20
183            android:name="com.google.firebase.auth.internal.RecaptchaActivity"
183-->[com.google.firebase:firebase-auth:20.0.0] AndroidManifest.xml:54:13-79
184            android:excludeFromRecents="true"
184-->[com.google.firebase:firebase-auth:20.0.0] AndroidManifest.xml:55:13-46
185            android:exported="true"
185-->[com.google.firebase:firebase-auth:20.0.0] AndroidManifest.xml:56:13-36
186            android:launchMode="singleTask"
186-->[com.google.firebase:firebase-auth:20.0.0] AndroidManifest.xml:57:13-44
187            android:theme="@android:style/Theme.Translucent.NoTitleBar" >
187-->[com.google.firebase:firebase-auth:20.0.0] AndroidManifest.xml:58:13-72
188            <intent-filter>
188-->[com.google.firebase:firebase-auth:20.0.0] AndroidManifest.xml:59:13-69:29
189                <action android:name="android.intent.action.VIEW" />
189-->[com.google.firebase:firebase-auth:20.0.0] AndroidManifest.xml:42:17-69
189-->[com.google.firebase:firebase-auth:20.0.0] AndroidManifest.xml:42:25-66
190
191                <category android:name="android.intent.category.DEFAULT" />
191-->src\main\AndroidManifest.xml:70:17-76
191-->src\main\AndroidManifest.xml:70:27-73
192                <category android:name="android.intent.category.BROWSABLE" />
192-->[com.google.firebase:firebase-auth:20.0.0] AndroidManifest.xml:45:17-78
192-->[com.google.firebase:firebase-auth:20.0.0] AndroidManifest.xml:45:27-75
193
194                <data
194-->[com.google.firebase:firebase-auth:20.0.0] AndroidManifest.xml:47:17-50:51
195                    android:host="firebase.auth"
195-->[com.google.firebase:firebase-auth:20.0.0] AndroidManifest.xml:48:21-49
196                    android:path="/"
196-->[com.google.firebase:firebase-auth:20.0.0] AndroidManifest.xml:49:21-37
197                    android:scheme="recaptcha" />
197-->[com.google.firebase:firebase-auth:20.0.0] AndroidManifest.xml:50:21-48
198            </intent-filter>
199        </activity>
200
201        <service
201-->[com.google.firebase:firebase-auth:20.0.0] AndroidManifest.xml:72:9-81:19
202            android:name="com.google.firebase.auth.api.fallback.service.FirebaseAuthFallbackService"
202-->[com.google.firebase:firebase-auth:20.0.0] AndroidManifest.xml:73:13-101
203            android:enabled="true"
203-->[com.google.firebase:firebase-auth:20.0.0] AndroidManifest.xml:74:13-35
204            android:exported="false" >
204-->[com.google.firebase:firebase-auth:20.0.0] AndroidManifest.xml:75:13-37
205            <intent-filter>
205-->[com.google.firebase:firebase-auth:20.0.0] AndroidManifest.xml:76:13-80:29
206                <action android:name="com.google.firebase.auth.api.gms.service.START" />
206-->[com.google.firebase:firebase-auth:20.0.0] AndroidManifest.xml:77:17-89
206-->[com.google.firebase:firebase-auth:20.0.0] AndroidManifest.xml:77:25-86
207
208                <category android:name="android.intent.category.DEFAULT" />
208-->src\main\AndroidManifest.xml:70:17-76
208-->src\main\AndroidManifest.xml:70:27-73
209            </intent-filter>
210        </service>
211        <!--
212             FirebaseMessagingService performs security checks at runtime,
213             but set to not exported to explicitly avoid allowing another app to call it.
214        -->
215        <service
215-->[com.google.firebase:firebase-messaging:21.0.0] AndroidManifest.xml:28:9-35:19
216            android:name="com.google.firebase.messaging.FirebaseMessagingService"
216-->[com.google.firebase:firebase-messaging:21.0.0] AndroidManifest.xml:29:13-82
217            android:directBootAware="true"
217-->[com.google.firebase:firebase-messaging:21.0.0] AndroidManifest.xml:30:13-43
218            android:exported="false" >
218-->[com.google.firebase:firebase-messaging:21.0.0] AndroidManifest.xml:31:13-37
219            <intent-filter android:priority="-500" >
219-->[:firebase_messaging] AndroidManifest.xml:9:13-11:29
220                <action android:name="com.google.firebase.MESSAGING_EVENT" />
220-->[:firebase_messaging] AndroidManifest.xml:10:17-78
220-->[:firebase_messaging] AndroidManifest.xml:10:25-75
221            </intent-filter>
222        </service>
223
224        <provider
224-->[:image_picker] AndroidManifest.xml:11:9-19:20
225            android:name="io.flutter.plugins.imagepicker.ImagePickerFileProvider"
225-->[:image_picker] AndroidManifest.xml:12:13-82
226            android:authorities="com.app.findadmissionaffiliate.flutter.image_provider"
226-->[:image_picker] AndroidManifest.xml:13:13-74
227            android:exported="false"
227-->[:image_picker] AndroidManifest.xml:14:13-37
228            android:grantUriPermissions="true" >
228-->[:image_picker] AndroidManifest.xml:15:13-47
229            <meta-data
229-->src\main\AndroidManifest.xml:24:13-26:58
230                android:name="android.support.FILE_PROVIDER_PATHS"
230-->src\main\AndroidManifest.xml:25:17-67
231                android:resource="@xml/flutter_image_picker_file_paths" />
231-->src\main\AndroidManifest.xml:26:17-55
232        </provider>
233
234        <activity
234-->[:flutter_inappwebview] AndroidManifest.xml:8:9-11:47
235            android:name="com.pichillilorenzo.flutter_inappwebview.InAppBrowser.InAppBrowserActivity"
235-->[:flutter_inappwebview] AndroidManifest.xml:9:13-102
236            android:configChanges="orientation|screenSize"
236-->[:flutter_inappwebview] AndroidManifest.xml:10:13-59
237            android:theme="@style/AppTheme" />
237-->[:flutter_inappwebview] AndroidManifest.xml:11:13-44
238        <activity
238-->[:flutter_inappwebview] AndroidManifest.xml:12:9-15:55
239            android:name="com.pichillilorenzo.flutter_inappwebview.ChromeCustomTabs.ChromeCustomTabsActivity"
239-->[:flutter_inappwebview] AndroidManifest.xml:13:13-110
240            android:configChanges="orientation|screenSize"
240-->[:flutter_inappwebview] AndroidManifest.xml:14:13-59
241            android:theme="@style/ThemeTransparent" />
241-->[:flutter_inappwebview] AndroidManifest.xml:15:13-52
242
243        <receiver android:name="com.pichillilorenzo.flutter_inappwebview.ChromeCustomTabs.ActionBroadcastReceiver" />
243-->[:flutter_inappwebview] AndroidManifest.xml:17:9-118
243-->[:flutter_inappwebview] AndroidManifest.xml:17:19-115
244
245        <provider
245-->[:open_file] AndroidManifest.xml:12:9-21:20
246            android:name="com.crazecoder.openfile.FileProvider"
246-->[:open_file] AndroidManifest.xml:13:13-64
247            android:authorities="com.app.findadmissionaffiliate.fileProvider.com.crazecoder.openfile"
247-->[:open_file] AndroidManifest.xml:14:13-88
248            android:exported="false"
248-->[:open_file] AndroidManifest.xml:15:13-37
249            android:grantUriPermissions="true" >
249-->[:open_file] AndroidManifest.xml:16:13-47
250            <meta-data
250-->src\main\AndroidManifest.xml:24:13-26:58
251                android:name="android.support.FILE_PROVIDER_PATHS"
251-->src\main\AndroidManifest.xml:25:17-67
252                android:resource="@xml/filepaths" />
252-->src\main\AndroidManifest.xml:26:17-55
253        </provider>
254
255        <activity
255-->[:url_launcher] AndroidManifest.xml:8:9-11:74
256            android:name="io.flutter.plugins.urllauncher.WebViewActivity"
256-->[:url_launcher] AndroidManifest.xml:9:13-74
257            android:exported="false"
257-->[:url_launcher] AndroidManifest.xml:10:13-37
258            android:theme="@android:style/Theme.NoTitleBar.Fullscreen" />
258-->[:url_launcher] AndroidManifest.xml:11:13-71
259
260        <receiver
260-->[com.google.android.gms:play-services-measurement:18.0.0] AndroidManifest.xml:29:9-33:20
261            android:name="com.google.android.gms.measurement.AppMeasurementReceiver"
261-->[com.google.android.gms:play-services-measurement:18.0.0] AndroidManifest.xml:30:13-85
262            android:enabled="true"
262-->[com.google.android.gms:play-services-measurement:18.0.0] AndroidManifest.xml:31:13-35
263            android:exported="false" >
263-->[com.google.android.gms:play-services-measurement:18.0.0] AndroidManifest.xml:32:13-37
264        </receiver>
265
266        <service
266-->[com.google.android.gms:play-services-measurement:18.0.0] AndroidManifest.xml:35:9-38:40
267            android:name="com.google.android.gms.measurement.AppMeasurementService"
267-->[com.google.android.gms:play-services-measurement:18.0.0] AndroidManifest.xml:36:13-84
268            android:enabled="true"
268-->[com.google.android.gms:play-services-measurement:18.0.0] AndroidManifest.xml:37:13-35
269            android:exported="false" />
269-->[com.google.android.gms:play-services-measurement:18.0.0] AndroidManifest.xml:38:13-37
270        <service
270-->[com.google.android.gms:play-services-measurement:18.0.0] AndroidManifest.xml:39:9-43:72
271            android:name="com.google.android.gms.measurement.AppMeasurementJobService"
271-->[com.google.android.gms:play-services-measurement:18.0.0] AndroidManifest.xml:40:13-87
272            android:enabled="true"
272-->[com.google.android.gms:play-services-measurement:18.0.0] AndroidManifest.xml:41:13-35
273            android:exported="false"
273-->[com.google.android.gms:play-services-measurement:18.0.0] AndroidManifest.xml:42:13-37
274            android:permission="android.permission.BIND_JOB_SERVICE" />
274-->[com.google.android.gms:play-services-measurement:18.0.0] AndroidManifest.xml:43:13-69
275
276        <receiver
276-->[com.google.firebase:firebase-iid:21.0.0] AndroidManifest.xml:37:9-44:20
277            android:name="com.google.firebase.iid.FirebaseInstanceIdReceiver"
277-->[com.google.firebase:firebase-iid:21.0.0] AndroidManifest.xml:38:13-78
278            android:exported="true"
278-->[com.google.firebase:firebase-iid:21.0.0] AndroidManifest.xml:39:13-36
279            android:permission="com.google.android.c2dm.permission.SEND" >
279-->[com.google.firebase:firebase-iid:21.0.0] AndroidManifest.xml:40:13-73
280            <intent-filter>
280-->[com.google.firebase:firebase-iid:21.0.0] AndroidManifest.xml:41:13-43:29
281                <action android:name="com.google.android.c2dm.intent.RECEIVE" />
281-->[com.google.firebase:firebase-iid:21.0.0] AndroidManifest.xml:42:17-81
281-->[com.google.firebase:firebase-iid:21.0.0] AndroidManifest.xml:42:25-78
282            </intent-filter>
283        </receiver>
284
285        <activity
285-->[com.google.android.gms:play-services-base:17.1.0] AndroidManifest.xml:23:9-26:75
286            android:name="com.google.android.gms.common.api.GoogleApiActivity"
286-->[com.google.android.gms:play-services-base:17.1.0] AndroidManifest.xml:24:13-79
287            android:exported="false"
287-->[com.google.android.gms:play-services-base:17.1.0] AndroidManifest.xml:25:13-37
288            android:theme="@android:style/Theme.Translucent.NoTitleBar" />
288-->[com.google.android.gms:play-services-base:17.1.0] AndroidManifest.xml:26:13-72
289
290        <provider
290-->[com.google.firebase:firebase-common:19.3.1] AndroidManifest.xml:26:9-31:39
291            android:name="com.google.firebase.provider.FirebaseInitProvider"
291-->[com.google.firebase:firebase-common:19.3.1] AndroidManifest.xml:27:13-77
292            android:authorities="com.app.findadmissionaffiliate.firebaseinitprovider"
292-->[com.google.firebase:firebase-common:19.3.1] AndroidManifest.xml:28:13-72